# JRE version: OpenJDK Runtime Environment (11.0.8+10) (build 11.0.8+10-b944.6842174)
# Java VM: OpenJDK 64-Bit Server VM (11.0.8+10-b944.6842174, mixed mode, tiered, compressed oops, g1 gc, windows-amd64)
Heap:
 garbage-first heap   total 342016K, used 150381K [0x0000000080000000, 0x0000000100000000)
  region size 1024K, 32 young (32768K), 2 survivors (2048K)
 Metaspace       used 155469K, capacity 160021K, committed 164900K, reserved 1193984K
  class space    used 18604K, capacity 20253K, committed 21248K, reserved 1048576K
GC Heap History (20 events):
Event: 20453.054 GC heap before
{Heap before GC invocations=382 (full 2):
 garbage-first heap   total 342016K, used 265873K [0x0000000080000000, 0x0000000100000000)
  region size 1024K, 45 young (46080K), 3 survivors (3072K)
 Metaspace       used 155277K, capacity 159720K, committed 164900K, reserved 1193984K
  class space    used 18597K, capacity 20244K, committed 21248K, reserved 1048576K
}
Event: 20453.072 GC heap after
{Heap after GC invocations=383 (full 2):
 garbage-first heap   total 342016K, used 228934K [0x0000000080000000, 0x0000000100000000)
  region size 1024K, 6 young (6144K), 6 survivors (6144K)
 Metaspace       used 155277K, capacity 159720K, committed 164900K, reserved 1193984K
  class space    used 18597K, capacity 20244K, committed 21248K, reserved 1048576K
}
Event: 20453.203 GC heap before
{Heap before GC invocations=383 (full 2):
 garbage-first heap   total 342016K, used 277062K [0x0000000080000000, 0x0000000100000000)
  region size 1024K, 45 young (46080K), 6 survivors (6144K)
 Metaspace       used 155277K, capacity 159720K, committed 164900K, reserved 1193984K
  class space    used 18597K, capacity 20244K, committed 21248K, reserved 1048576K
}
Event: 20453.221 GC heap after
{Heap after GC invocations=384 (full 2):
 garbage-first heap   total 342016K, used 241929K [0x0000000080000000, 0x0000000100000000)
  region size 1024K, 5 young (5120K), 5 survivors (5120K)
 Metaspace       used 155277K, capacity 159720K, committed 164900K, reserved 1193984K
  class space    used 18597K, capacity 20244K, committed 21248K, reserved 1048576K
}
Event: 20510.005 GC heap before
{Heap before GC invocations=385 (full 2):
 garbage-first heap   total 342016K, used 318729K [0x0000000080000000, 0x0000000100000000)
  region size 1024K, 39 young (39936K), 5 survivors (5120K)
 Metaspace       used 155296K, capacity 159793K, committed 164900K, reserved 1193984K
  class space    used 18598K, capacity 20246K, committed 21248K, reserved 1048576K
}
Event: 20510.017 GC heap after
{Heap after GC invocations=386 (full 2):
 garbage-first heap   total 342016K, used 232373K [0x0000000080000000, 0x0000000100000000)
  region size 1024K, 2 young (2048K), 2 survivors (2048K)
 Metaspace       used 155296K, capacity 159793K, committed 164900K, reserved 1193984K
  class space    used 18598K, capacity 20246K, committed 21248K, reserved 1048576K
}
Event: 20510.274 GC heap before
{Heap before GC invocations=386 (full 2):
 garbage-first heap   total 342016K, used 246709K [0x0000000080000000, 0x0000000100000000)
  region size 1024K, 16 young (16384K), 2 survivors (2048K)
 Metaspace       used 155302K, capacity 159799K, committed 164900K, reserved 1193984K
  class space    used 18600K, capacity 20247K, committed 21248K, reserved 1048576K
}
Event: 20510.292 GC heap after
{Heap after GC invocations=387 (full 2):
 garbage-first heap   total 342016K, used 232152K [0x0000000080000000, 0x0000000100000000)
  region size 1024K, 2 young (2048K), 2 survivors (2048K)
 Metaspace       used 155302K, capacity 159799K, committed 164900K, reserved 1193984K
  class space    used 18600K, capacity 20247K, committed 21248K, reserved 1048576K
}
Event: 20511.165 GC heap before
{Heap before GC invocations=387 (full 2):
 garbage-first heap   total 342016K, used 271064K [0x0000000080000000, 0x0000000100000000)
  region size 1024K, 42 young (43008K), 2 survivors (2048K)
 Metaspace       used 155347K, capacity 159875K, committed 164900K, reserved 1193984K
  class space    used 18601K, capacity 20249K, committed 21248K, reserved 1048576K
}
Event: 20511.196 GC heap after
{Heap after GC invocations=388 (full 2):
 garbage-first heap   total 342016K, used 235130K [0x0000000080000000, 0x0000000100000000)
  region size 1024K, 5 young (5120K), 5 survivors (5120K)
 Metaspace       used 155347K, capacity 159875K, committed 164900K, reserved 1193984K
  class space    used 18601K, capacity 20249K, committed 21248K, reserved 1048576K
}
Event: 20512.222 GC heap before
{Heap before GC invocations=389 (full 2):
 garbage-first heap   total 342016K, used 195194K [0x0000000080000000, 0x0000000100000000)
  region size 1024K, 49 young (50176K), 5 survivors (5120K)
 Metaspace       used 155359K, capacity 159875K, committed 164900K, reserved 1193984K
  class space    used 18601K, capacity 20249K, committed 21248K, reserved 1048576K
}
Event: 20512.246 GC heap after
{Heap after GC invocations=390 (full 2):
 garbage-first heap   total 342016K, used 134877K [0x0000000080000000, 0x0000000100000000)
  region size 1024K, 5 young (5120K), 5 survivors (5120K)
 Metaspace       used 155359K, capacity 159875K, committed 164900K, reserved 1193984K
  class space    used 18601K, capacity 20249K, committed 21248K, reserved 1048576K
}
Event: 20512.488 GC heap before
{Heap before GC invocations=390 (full 2):
 garbage-first heap   total 342016K, used 145117K [0x0000000080000000, 0x0000000100000000)
  region size 1024K, 16 young (16384K), 5 survivors (5120K)
 Metaspace       used 155359K, capacity 159875K, committed 164900K, reserved 1193984K
  class space    used 18601K, capacity 20249K, committed 21248K, reserved 1048576K
}
Event: 20512.512 GC heap after
{Heap after GC invocations=391 (full 2):
 garbage-first heap   total 342016K, used 115841K [0x0000000080000000, 0x0000000100000000)
  region size 1024K, 2 young (2048K), 2 survivors (2048K)
 Metaspace       used 155359K, capacity 159875K, committed 164900K, reserved 1193984K
  class space    used 18601K, capacity 20249K, committed 21248K, reserved 1048576K
}
Event: 20516.145 GC heap before
{Heap before GC invocations=391 (full 2):
 garbage-first heap   total 342016K, used 212097K [0x0000000080000000, 0x0000000100000000)
  region size 1024K, 98 young (100352K), 2 survivors (2048K)
 Metaspace       used 155370K, capacity 159890K, committed 164900K, reserved 1193984K
  class space    used 18602K, capacity 20252K, committed 21248K, reserved 1048576K
}
Event: 20516.158 GC heap after
{Heap after GC invocations=392 (full 2):
 garbage-first heap   total 342016K, used 119055K [0x0000000080000000, 0x0000000100000000)
  region size 1024K, 5 young (5120K), 5 survivors (5120K)
 Metaspace       used 155370K, capacity 159890K, committed 164900K, reserved 1193984K
  class space    used 18602K, capacity 20252K, committed 21248K, reserved 1048576K
}
Event: 20737.357 GC heap before
{Heap before GC invocations=393 (full 2):
 garbage-first heap   total 342016K, used 268559K [0x0000000080000000, 0x0000000100000000)
  region size 1024K, 125 young (128000K), 5 survivors (5120K)
 Metaspace       used 155467K, capacity 160021K, committed 164900K, reserved 1193984K
  class space    used 18604K, capacity 20253K, committed 21248K, reserved 1048576K
}
Event: 20737.422 GC heap after
{Heap after GC invocations=394 (full 2):
 garbage-first heap   total 342016K, used 121805K [0x0000000080000000, 0x0000000100000000)
  region size 1024K, 7 young (7168K), 7 survivors (7168K)
 Metaspace       used 155467K, capacity 160021K, committed 164900K, reserved 1193984K
  class space    used 18604K, capacity 20253K, committed 21248K, reserved 1048576K
}
Event: 20737.540 GC heap before
{Heap before GC invocations=394 (full 2):
 garbage-first heap   total 342016K, used 129997K [0x0000000080000000, 0x0000000100000000)
  region size 1024K, 16 young (16384K), 7 survivors (7168K)
 Metaspace       used 155467K, capacity 160021K, committed 164900K, reserved 1193984K
  class space    used 18604K, capacity 20253K, committed 21248K, reserved 1048576K
}
Event: 20737.598 GC heap after
{Heap after GC invocations=395 (full 2):
 garbage-first heap   total 342016K, used 121709K [0x0000000080000000, 0x0000000100000000)
  region size 1024K, 2 young (2048K), 2 survivors (2048K)
 Metaspace       used 155467K, capacity 160021K, committed 164900K, reserved 1193984K
  class space    used 18604K, capacity 20253K, committed 21248K, reserved 1048576K
}

